2022-08-13T03:02:05+00:00 CRITICAL Uncaught TypeError: preg_match(): Argument #2 ($subject) must be of type string, array given in C:\xampp\htdocs\Project2\wordpress\wp-includes\class-wp-block-parser.php:417
Stack trace:
#0 C:\xampp\htdocs\Project2\wordpress\wp-includes\class-wp-block-parser.php(417): preg_match('/<!--\\s+(?P<clo...', Array, NULL, 256, 0)
#1 C:\xampp\htdocs\Project2\wordpress\wp-includes\class-wp-block-parser.php(256): WP_Block_Parser->next_token()
#2 C:\xampp\htdocs\Project2\wordpress\wp-includes\class-wp-block-parser.php(236): WP_Block_Parser->proceed()
#3 C:\xampp\htdocs\Project2\wordpress\wp-includes\blocks.php(923): WP_Block_Parser->parse(Array)
#4 C:\xampp\htdocs\Project2\wordpress\wp-includes\blocks.php(649): parse_blocks(Array)
#5 C:\xampp\htdocs\Project2\wordpress\wp-includes\formatting.php(5088): filter_block_content(Array, 'post', Array)
#6 C:\xampp\htdocs\Project2\wordpress\wp-includes\class-wp-hook.php(307): wp_pre_kses_block_attributes(Array, 'post', Array)
#7 C:\xampp\htdocs\Project2\wordpress\wp-includes\plugin.php(191): WP_Hook->apply_filters(Array, Array)
#8 C:\xampp\htdocs\Project2\wordpress\wp-includes\kses.php(909): apply_filters('pre_kses', Array, 'post', Array)
#9 C:\xampp\htdocs\Project2\wordpress\wp-includes\kses.php(719): wp_kses_hook(Array, 'post', Array)
#10 C:\xampp\htdocs\Project2\wordpress\wp-includes\kses.php(2106): wp_kses(Array, 'post')
#11 C:\xampp\htdocs\Project2\wordpress\wp-content\plugins\elementor-pro\modules\dynamic-tags\tags\post-custom-field.php(80): wp_kses_post(Array)
#12 C:\xampp\htdocs\Project2\wordpress\wp-content\plugins\elementor\core\dynamic-tags\tag.php(35): ElementorPro\Modules\DynamicTags\Tags\Post_Custom_Field->render()
#13 C:\xampp\htdocs\Project2\wordpress\wp-content\plugins\elementor\core\dynamic-tags\manager.php(444): Elementor\Core\DynamicTags\Tag->get_content()
#14 [internal function]: Elementor\Core\DynamicTags\Manager->ajax_render_tags(Array, Object(Elementor\Core\Common\Modules\Ajax\Module))
#15 C:\xampp\htdocs\Project2\wordpress\wp-content\plugins\elementor\core\common\modules\ajax\module.php(171): call_user_func(Array, Array, Object(Elementor\Core\Common\Modules\Ajax\Module))
#16 C:\xampp\htdocs\Project2\wordpress\wp-includes\class-wp-hook.php(307): Elementor\Core\Common\Modules\Ajax\Module->handle_ajax_request('')
#17 C:\xampp\htdocs\Project2\wordpress\wp-includes\class-wp-hook.php(331): WP_Hook->apply_filters('', Array)
#18 C:\xampp\htdocs\Project2\wordpress\wp-includes\plugin.php(476): WP_Hook->do_action(Array)
#19 C:\xampp\htdocs\Project2\wordpress\wp-admin\admin-ajax.php(187): do_action('wp_ajax_element...')
#20 {main}
  thrown in C:\xampp\htdocs\Project2\wordpress\wp-includes\class-wp-block-parser.php on line 417

2022-08-13T03:02:09+00:00 CRITICAL Uncaught TypeError: preg_match(): Argument #2 ($subject) must be of type string, array given in C:\xampp\htdocs\Project2\wordpress\wp-includes\class-wp-block-parser.php:417
Stack trace:
#0 C:\xampp\htdocs\Project2\wordpress\wp-includes\class-wp-block-parser.php(417): preg_match('/<!--\\s+(?P<clo...', Array, NULL, 256, 0)
#1 C:\xampp\htdocs\Project2\wordpress\wp-includes\class-wp-block-parser.php(256): WP_Block_Parser->next_token()
#2 C:\xampp\htdocs\Project2\wordpress\wp-includes\class-wp-block-parser.php(236): WP_Block_Parser->proceed()
#3 C:\xampp\htdocs\Project2\wordpress\wp-includes\blocks.php(923): WP_Block_Parser->parse(Array)
#4 C:\xampp\htdocs\Project2\wordpress\wp-includes\blocks.php(649): parse_blocks(Array)
#5 C:\xampp\htdocs\Project2\wordpress\wp-includes\formatting.php(5088): filter_block_content(Array, 'post', Array)
#6 C:\xampp\htdocs\Project2\wordpress\wp-includes\class-wp-hook.php(307): wp_pre_kses_block_attributes(Array, 'post', Array)
#7 C:\xampp\htdocs\Project2\wordpress\wp-includes\plugin.php(191): WP_Hook->apply_filters(Array, Array)
#8 C:\xampp\htdocs\Project2\wordpress\wp-includes\kses.php(909): apply_filters('pre_kses', Array, 'post', Array)
#9 C:\xampp\htdocs\Project2\wordpress\wp-includes\kses.php(719): wp_kses_hook(Array, 'post', Array)
#10 C:\xampp\htdocs\Project2\wordpress\wp-includes\kses.php(2106): wp_kses(Array, 'post')
#11 C:\xampp\htdocs\Project2\wordpress\wp-content\plugins\elementor-pro\modules\dynamic-tags\tags\post-custom-field.php(80): wp_kses_post(Array)
#12 C:\xampp\htdocs\Project2\wordpress\wp-content\plugins\elementor\core\dynamic-tags\tag.php(35): ElementorPro\Modules\DynamicTags\Tags\Post_Custom_Field->render()
#13 C:\xampp\htdocs\Project2\wordpress\wp-content\plugins\elementor\core\dynamic-tags\manager.php(216): Elementor\Core\DynamicTags\Tag->get_content()
#14 [internal function]: Elementor\Core\DynamicTags\Manager->get_tag_data_content('86c1da9', 'post-custom-fie...', Array)
#15 C:\xampp\htdocs\Project2\wordpress\wp-content\plugins\elementor\core\dynamic-tags\manager.php(109): call_user_func_array(Array, Array)
#16 C:\xampp\htdocs\Project2\wordpress\wp-content\plugins\elementor\core\dynamic-tags\manager.php(74): Elementor\Core\DynamicTags\Manager->parse_tag_text('[elementor-tag ...', Array, Array)
#17 [internal function]: Elementor\Core\DynamicTags\Manager->Elementor\Core\DynamicTags\{closure}(Array)
#18 C:\xampp\htdocs\Project2\wordpress\wp-content\plugins\elementor\core\dynamic-tags\manager.php(73): preg_replace_callback('/\\[elementor-ta...', Object(Closure), '[elementor-tag ...')
#19 C:\xampp\htdocs\Project2\wordpress\wp-content\plugins\elementor\includes\controls\base-data.php(91): Elementor\Core\DynamicTags\Manager->parse_tags_text('[elementor-tag ...', Array, Array)
#20 C:\xampp\htdocs\Project2\wordpress\wp-content\plugins\elementor\includes\base\controls-stack.php(1272): Elementor\Base_Data_Control->parse_tags('[elementor-tag ...', Array)
#21 C:\xampp\htdocs\Project2\wordpress\wp-content\plugins\elementor\includes\base\controls-stack.php(1251): Elementor\Controls_Stack->parse_dynamic_settings(Array, Array, Array)
#22 C:\xampp\htdocs\Project2\wordpress\wp-content\plugins\elementor\includes\base\controls-stack.php(1123): Elementor\Controls_Stack->parse_dynamic_settings(Array)
#23 C:\xampp\htdocs\Project2\wordpress\wp-content\plugins\elementor\includes\base\controls-stack.php(1208): Elementor\Controls_Stack->get_parsed_dynamic_settings()
#24 C:\xampp\htdocs\Project2\wordpress\wp-content\plugins\elementor-pro\modules\forms\widgets\form.php(1998): Elementor\Controls_Stack->get_settings_for_display()
#25 C:\xampp\htdocs\Project2\wordpress\wp-content\plugins\elementor\includes\base\controls-stack.php(2221): ElementorPro\Modules\Forms\Widgets\Form->render()
#26 C:\xampp\htdocs\Project2\wordpress\wp-content\plugins\elementor\includes\base\widget-base.php(609): Elementor\Controls_Stack->render_by_mode()
#27 C:\xampp\htdocs\Project2\wordpress\wp-content\plugins\elementor\core\base\document.php(284): Elementor\Widget_Base->render_content()
#28 C:\xampp\htdocs\Project2\wordpress\wp-content\plugins\elementor\includes\managers\widgets.php(385): Elementor\Core\Base\Document->render_element(Array)
#29 [internal function]: Elementor\Widgets_Manager->ajax_render_widget(Array, Object(Elementor\Core\Common\Modules\Ajax\Module))
#30 C:\xampp\htdocs\Project2\wordpress\wp-content\plugins\elementor\core\common\modules\ajax\module.php(171): call_user_func(Array, Array, Object(Elementor\Core\Common\Modules\Ajax\Module))
#31 C:\xampp\htdocs\Project2\wordpress\wp-includes\class-wp-hook.php(307): Elementor\Core\Common\Modules\Ajax\Module->handle_ajax_request('')
#32 C:\xampp\htdocs\Project2\wordpress\wp-includes\class-wp-hook.php(331): WP_Hook->apply_filters('', Array)
#33 C:\xampp\htdocs\Project2\wordpress\wp-includes\plugin.php(476): WP_Hook->do_action(Array)
#34 C:\xampp\htdocs\Project2\wordpress\wp-admin\admin-ajax.php(187): do_action('wp_ajax_element...')
#35 {main}
  thrown in C:\xampp\htdocs\Project2\wordpress\wp-includes\class-wp-block-parser.php on line 417

2022-08-13T03:02:22+00:00 CRITICAL Uncaught TypeError: preg_match(): Argument #2 ($subject) must be of type string, array given in C:\xampp\htdocs\Project2\wordpress\wp-includes\class-wp-block-parser.php:417
Stack trace:
#0 C:\xampp\htdocs\Project2\wordpress\wp-includes\class-wp-block-parser.php(417): preg_match('/<!--\\s+(?P<clo...', Array, NULL, 256, 0)
#1 C:\xampp\htdocs\Project2\wordpress\wp-includes\class-wp-block-parser.php(256): WP_Block_Parser->next_token()
#2 C:\xampp\htdocs\Project2\wordpress\wp-includes\class-wp-block-parser.php(236): WP_Block_Parser->proceed()
#3 C:\xampp\htdocs\Project2\wordpress\wp-includes\blocks.php(923): WP_Block_Parser->parse(Array)
#4 C:\xampp\htdocs\Project2\wordpress\wp-includes\blocks.php(649): parse_blocks(Array)
#5 C:\xampp\htdocs\Project2\wordpress\wp-includes\formatting.php(5088): filter_block_content(Array, 'post', Array)
#6 C:\xampp\htdocs\Project2\wordpress\wp-includes\class-wp-hook.php(307): wp_pre_kses_block_attributes(Array, 'post', Array)
#7 C:\xampp\htdocs\Project2\wordpress\wp-includes\plugin.php(191): WP_Hook->apply_filters(Array, Array)
#8 C:\xampp\htdocs\Project2\wordpress\wp-includes\kses.php(909): apply_filters('pre_kses', Array, 'post', Array)
#9 C:\xampp\htdocs\Project2\wordpress\wp-includes\kses.php(719): wp_kses_hook(Array, 'post', Array)
#10 C:\xampp\htdocs\Project2\wordpress\wp-includes\kses.php(2106): wp_kses(Array, 'post')
#11 C:\xampp\htdocs\Project2\wordpress\wp-content\plugins\elementor-pro\modules\dynamic-tags\tags\post-custom-field.php(80): wp_kses_post(Array)
#12 C:\xampp\htdocs\Project2\wordpress\wp-content\plugins\elementor\core\dynamic-tags\tag.php(35): ElementorPro\Modules\DynamicTags\Tags\Post_Custom_Field->render()
#13 C:\xampp\htdocs\Project2\wordpress\wp-content\plugins\elementor\core\dynamic-tags\manager.php(444): Elementor\Core\DynamicTags\Tag->get_content()
#14 [internal function]: Elementor\Core\DynamicTags\Manager->ajax_render_tags(Array, Object(Elementor\Core\Common\Modules\Ajax\Module))
#15 C:\xampp\htdocs\Project2\wordpress\wp-content\plugins\elementor\core\common\modules\ajax\module.php(171): call_user_func(Array, Array, Object(Elementor\Core\Common\Modules\Ajax\Module))
#16 C:\xampp\htdocs\Project2\wordpress\wp-includes\class-wp-hook.php(307): Elementor\Core\Common\Modules\Ajax\Module->handle_ajax_request('')
#17 C:\xampp\htdocs\Project2\wordpress\wp-includes\class-wp-hook.php(331): WP_Hook->apply_filters('', Array)
#18 C:\xampp\htdocs\Project2\wordpress\wp-includes\plugin.php(476): WP_Hook->do_action(Array)
#19 C:\xampp\htdocs\Project2\wordpress\wp-admin\admin-ajax.php(187): do_action('wp_ajax_element...')
#20 {main}
  thrown in C:\xampp\htdocs\Project2\wordpress\wp-includes\class-wp-block-parser.php on line 417

2022-08-13T03:02:24+00:00 CRITICAL Uncaught TypeError: preg_match(): Argument #2 ($subject) must be of type string, array given in C:\xampp\htdocs\Project2\wordpress\wp-includes\class-wp-block-parser.php:417
Stack trace:
#0 C:\xampp\htdocs\Project2\wordpress\wp-includes\class-wp-block-parser.php(417): preg_match('/<!--\\s+(?P<clo...', Array, NULL, 256, 0)
#1 C:\xampp\htdocs\Project2\wordpress\wp-includes\class-wp-block-parser.php(256): WP_Block_Parser->next_token()
#2 C:\xampp\htdocs\Project2\wordpress\wp-includes\class-wp-block-parser.php(236): WP_Block_Parser->proceed()
#3 C:\xampp\htdocs\Project2\wordpress\wp-includes\blocks.php(923): WP_Block_Parser->parse(Array)
#4 C:\xampp\htdocs\Project2\wordpress\wp-includes\blocks.php(649): parse_blocks(Array)
#5 C:\xampp\htdocs\Project2\wordpress\wp-includes\formatting.php(5088): filter_block_content(Array, 'post', Array)
#6 C:\xampp\htdocs\Project2\wordpress\wp-includes\class-wp-hook.php(307): wp_pre_kses_block_attributes(Array, 'post', Array)
#7 C:\xampp\htdocs\Project2\wordpress\wp-includes\plugin.php(191): WP_Hook->apply_filters(Array, Array)
#8 C:\xampp\htdocs\Project2\wordpress\wp-includes\kses.php(909): apply_filters('pre_kses', Array, 'post', Array)
#9 C:\xampp\htdocs\Project2\wordpress\wp-includes\kses.php(719): wp_kses_hook(Array, 'post', Array)
#10 C:\xampp\htdocs\Project2\wordpress\wp-includes\kses.php(2106): wp_kses(Array, 'post')
#11 C:\xampp\htdocs\Project2\wordpress\wp-content\plugins\elementor-pro\modules\dynamic-tags\tags\post-custom-field.php(80): wp_kses_post(Array)
#12 C:\xampp\htdocs\Project2\wordpress\wp-content\plugins\elementor\core\dynamic-tags\tag.php(35): ElementorPro\Modules\DynamicTags\Tags\Post_Custom_Field->render()
#13 C:\xampp\htdocs\Project2\wordpress\wp-content\plugins\elementor\core\dynamic-tags\manager.php(216): Elementor\Core\DynamicTags\Tag->get_content()
#14 [internal function]: Elementor\Core\DynamicTags\Manager->get_tag_data_content('86c1da9', 'post-custom-fie...', Array)
#15 C:\xampp\htdocs\Project2\wordpress\wp-content\plugins\elementor\core\dynamic-tags\manager.php(109): call_user_func_array(Array, Array)
#16 C:\xampp\htdocs\Project2\wordpress\wp-content\plugins\elementor\core\dynamic-tags\manager.php(74): Elementor\Core\DynamicTags\Manager->parse_tag_text('[elementor-tag ...', Array, Array)
#17 [internal function]: Elementor\Core\DynamicTags\Manager->Elementor\Core\DynamicTags\{closure}(Array)
#18 C:\xampp\htdocs\Project2\wordpress\wp-content\plugins\elementor\core\dynamic-tags\manager.php(73): preg_replace_callback('/\\[elementor-ta...', Object(Closure), '[elementor-tag ...')
#19 C:\xampp\htdocs\Project2\wordpress\wp-content\plugins\elementor\includes\controls\base-data.php(91): Elementor\Core\DynamicTags\Manager->parse_tags_text('[elementor-tag ...', Array, Array)
#20 C:\xampp\htdocs\Project2\wordpress\wp-content\plugins\elementor\includes\base\controls-stack.php(1272): Elementor\Base_Data_Control->parse_tags('[elementor-tag ...', Array)
#21 C:\xampp\htdocs\Project2\wordpress\wp-content\plugins\elementor\includes\base\controls-stack.php(1251): Elementor\Controls_Stack->parse_dynamic_settings(Array, Array, Array)
#22 C:\xampp\htdocs\Project2\wordpress\wp-content\plugins\elementor\includes\base\controls-stack.php(1123): Elementor\Controls_Stack->parse_dynamic_settings(Array)
#23 C:\xampp\htdocs\Project2\wordpress\wp-content\plugins\elementor\includes\base\controls-stack.php(1208): Elementor\Controls_Stack->get_parsed_dynamic_settings()
#24 C:\xampp\htdocs\Project2\wordpress\wp-content\plugins\elementor-pro\modules\forms\widgets\form.php(1998): Elementor\Controls_Stack->get_settings_for_display()
#25 C:\xampp\htdocs\Project2\wordpress\wp-content\plugins\elementor\includes\base\controls-stack.php(2221): ElementorPro\Modules\Forms\Widgets\Form->render()
#26 C:\xampp\htdocs\Project2\wordpress\wp-content\plugins\elementor\includes\base\widget-base.php(609): Elementor\Controls_Stack->render_by_mode()
#27 C:\xampp\htdocs\Project2\wordpress\wp-content\plugins\elementor\core\base\document.php(284): Elementor\Widget_Base->render_content()
#28 C:\xampp\htdocs\Project2\wordpress\wp-content\plugins\elementor\includes\managers\widgets.php(385): Elementor\Core\Base\Document->render_element(Array)
#29 [internal function]: Elementor\Widgets_Manager->ajax_render_widget(Array, Object(Elementor\Core\Common\Modules\Ajax\Module))
#30 C:\xampp\htdocs\Project2\wordpress\wp-content\plugins\elementor\core\common\modules\ajax\module.php(171): call_user_func(Array, Array, Object(Elementor\Core\Common\Modules\Ajax\Module))
#31 C:\xampp\htdocs\Project2\wordpress\wp-includes\class-wp-hook.php(307): Elementor\Core\Common\Modules\Ajax\Module->handle_ajax_request('')
#32 C:\xampp\htdocs\Project2\wordpress\wp-includes\class-wp-hook.php(331): WP_Hook->apply_filters('', Array)
#33 C:\xampp\htdocs\Project2\wordpress\wp-includes\plugin.php(476): WP_Hook->do_action(Array)
#34 C:\xampp\htdocs\Project2\wordpress\wp-admin\admin-ajax.php(187): do_action('wp_ajax_element...')
#35 {main}
  thrown in C:\xampp\htdocs\Project2\wordpress\wp-includes\class-wp-block-parser.php on line 417

2022-08-13T03:02:25+00:00 CRITICAL Uncaught TypeError: preg_match(): Argument #2 ($subject) must be of type string, array given in C:\xampp\htdocs\Project2\wordpress\wp-includes\class-wp-block-parser.php:417
Stack trace:
#0 C:\xampp\htdocs\Project2\wordpress\wp-includes\class-wp-block-parser.php(417): preg_match('/<!--\\s+(?P<clo...', Array, NULL, 256, 0)
#1 C:\xampp\htdocs\Project2\wordpress\wp-includes\class-wp-block-parser.php(256): WP_Block_Parser->next_token()
#2 C:\xampp\htdocs\Project2\wordpress\wp-includes\class-wp-block-parser.php(236): WP_Block_Parser->proceed()
#3 C:\xampp\htdocs\Project2\wordpress\wp-includes\blocks.php(923): WP_Block_Parser->parse(Array)
#4 C:\xampp\htdocs\Project2\wordpress\wp-includes\blocks.php(649): parse_blocks(Array)
#5 C:\xampp\htdocs\Project2\wordpress\wp-includes\formatting.php(5088): filter_block_content(Array, 'post', Array)
#6 C:\xampp\htdocs\Project2\wordpress\wp-includes\class-wp-hook.php(307): wp_pre_kses_block_attributes(Array, 'post', Array)
#7 C:\xampp\htdocs\Project2\wordpress\wp-includes\plugin.php(191): WP_Hook->apply_filters(Array, Array)
#8 C:\xampp\htdocs\Project2\wordpress\wp-includes\kses.php(909): apply_filters('pre_kses', Array, 'post', Array)
#9 C:\xampp\htdocs\Project2\wordpress\wp-includes\kses.php(719): wp_kses_hook(Array, 'post', Array)
#10 C:\xampp\htdocs\Project2\wordpress\wp-includes\kses.php(2106): wp_kses(Array, 'post')
#11 C:\xampp\htdocs\Project2\wordpress\wp-content\plugins\elementor-pro\modules\dynamic-tags\tags\post-custom-field.php(80): wp_kses_post(Array)
#12 C:\xampp\htdocs\Project2\wordpress\wp-content\plugins\elementor\core\dynamic-tags\tag.php(35): ElementorPro\Modules\DynamicTags\Tags\Post_Custom_Field->render()
#13 C:\xampp\htdocs\Project2\wordpress\wp-content\plugins\elementor\core\dynamic-tags\manager.php(216): Elementor\Core\DynamicTags\Tag->get_content()
#14 [internal function]: Elementor\Core\DynamicTags\Manager->get_tag_data_content('86c1da9', 'post-custom-fie...', Array)
#15 C:\xampp\htdocs\Project2\wordpress\wp-content\plugins\elementor\core\dynamic-tags\manager.php(109): call_user_func_array(Array, Array)
#16 C:\xampp\htdocs\Project2\wordpress\wp-content\plugins\elementor\core\dynamic-tags\manager.php(74): Elementor\Core\DynamicTags\Manager->parse_tag_text('[elementor-tag ...', Array, Array)
#17 [internal function]: Elementor\Core\DynamicTags\Manager->Elementor\Core\DynamicTags\{closure}(Array)
#18 C:\xampp\htdocs\Project2\wordpress\wp-content\plugins\elementor\core\dynamic-tags\manager.php(73): preg_replace_callback('/\\[elementor-ta...', Object(Closure), '[elementor-tag ...')
#19 C:\xampp\htdocs\Project2\wordpress\wp-content\plugins\elementor\includes\controls\base-data.php(91): Elementor\Core\DynamicTags\Manager->parse_tags_text('[elementor-tag ...', Array, Array)
#20 C:\xampp\htdocs\Project2\wordpress\wp-content\plugins\elementor\includes\base\controls-stack.php(1272): Elementor\Base_Data_Control->parse_tags('[elementor-tag ...', Array)
#21 C:\xampp\htdocs\Project2\wordpress\wp-content\plugins\elementor\includes\base\controls-stack.php(1251): Elementor\Controls_Stack->parse_dynamic_settings(Array, Array, Array)
#22 C:\xampp\htdocs\Project2\wordpress\wp-content\plugins\elementor\includes\base\controls-stack.php(1123): Elementor\Controls_Stack->parse_dynamic_settings(Array)
#23 C:\xampp\htdocs\Project2\wordpress\wp-content\plugins\elementor\includes\base\controls-stack.php(1208): Elementor\Controls_Stack->get_parsed_dynamic_settings()
#24 C:\xampp\htdocs\Project2\wordpress\wp-content\plugins\elementor-pro\modules\forms\widgets\form.php(1998): Elementor\Controls_Stack->get_settings_for_display()
#25 C:\xampp\htdocs\Project2\wordpress\wp-content\plugins\elementor\includes\base\controls-stack.php(2221): ElementorPro\Modules\Forms\Widgets\Form->render()
#26 C:\xampp\htdocs\Project2\wordpress\wp-content\plugins\elementor\includes\base\widget-base.php(609): Elementor\Controls_Stack->render_by_mode()
#27 C:\xampp\htdocs\Project2\wordpress\wp-content\plugins\elementor\core\base\document.php(284): Elementor\Widget_Base->render_content()
#28 C:\xampp\htdocs\Project2\wordpress\wp-content\plugins\elementor\includes\managers\widgets.php(385): Elementor\Core\Base\Document->render_element(Array)
#29 [internal function]: Elementor\Widgets_Manager->ajax_render_widget(Array, Object(Elementor\Core\Common\Modules\Ajax\Module))
#30 C:\xampp\htdocs\Project2\wordpress\wp-content\plugins\elementor\core\common\modules\ajax\module.php(171): call_user_func(Array, Array, Object(Elementor\Core\Common\Modules\Ajax\Module))
#31 C:\xampp\htdocs\Project2\wordpress\wp-includes\class-wp-hook.php(307): Elementor\Core\Common\Modules\Ajax\Module->handle_ajax_request('')
#32 C:\xampp\htdocs\Project2\wordpress\wp-includes\class-wp-hook.php(331): WP_Hook->apply_filters('', Array)
#33 C:\xampp\htdocs\Project2\wordpress\wp-includes\plugin.php(476): WP_Hook->do_action(Array)
#34 C:\xampp\htdocs\Project2\wordpress\wp-admin\admin-ajax.php(187): do_action('wp_ajax_element...')
#35 {main}
  thrown in C:\xampp\htdocs\Project2\wordpress\wp-includes\class-wp-block-parser.php on line 417

2022-08-13T03:02:26+00:00 CRITICAL Uncaught TypeError: preg_match(): Argument #2 ($subject) must be of type string, array given in C:\xampp\htdocs\Project2\wordpress\wp-includes\class-wp-block-parser.php:417
Stack trace:
#0 C:\xampp\htdocs\Project2\wordpress\wp-includes\class-wp-block-parser.php(417): preg_match('/<!--\\s+(?P<clo...', Array, NULL, 256, 0)
#1 C:\xampp\htdocs\Project2\wordpress\wp-includes\class-wp-block-parser.php(256): WP_Block_Parser->next_token()
#2 C:\xampp\htdocs\Project2\wordpress\wp-includes\class-wp-block-parser.php(236): WP_Block_Parser->proceed()
#3 C:\xampp\htdocs\Project2\wordpress\wp-includes\blocks.php(923): WP_Block_Parser->parse(Array)
#4 C:\xampp\htdocs\Project2\wordpress\wp-includes\blocks.php(649): parse_blocks(Array)
#5 C:\xampp\htdocs\Project2\wordpress\wp-includes\formatting.php(5088): filter_block_content(Array, 'post', Array)
#6 C:\xampp\htdocs\Project2\wordpress\wp-includes\class-wp-hook.php(307): wp_pre_kses_block_attributes(Array, 'post', Array)
#7 C:\xampp\htdocs\Project2\wordpress\wp-includes\plugin.php(191): WP_Hook->apply_filters(Array, Array)
#8 C:\xampp\htdocs\Project2\wordpress\wp-includes\kses.php(909): apply_filters('pre_kses', Array, 'post', Array)
#9 C:\xampp\htdocs\Project2\wordpress\wp-includes\kses.php(719): wp_kses_hook(Array, 'post', Array)
#10 C:\xampp\htdocs\Project2\wordpress\wp-includes\kses.php(2106): wp_kses(Array, 'post')
#11 C:\xampp\htdocs\Project2\wordpress\wp-content\plugins\elementor-pro\modules\dynamic-tags\tags\post-custom-field.php(80): wp_kses_post(Array)
#12 C:\xampp\htdocs\Project2\wordpress\wp-content\plugins\elementor\core\dynamic-tags\tag.php(35): ElementorPro\Modules\DynamicTags\Tags\Post_Custom_Field->render()
#13 C:\xampp\htdocs\Project2\wordpress\wp-content\plugins\elementor\core\dynamic-tags\manager.php(444): Elementor\Core\DynamicTags\Tag->get_content()
#14 [internal function]: Elementor\Core\DynamicTags\Manager->ajax_render_tags(Array, Object(Elementor\Core\Common\Modules\Ajax\Module))
#15 C:\xampp\htdocs\Project2\wordpress\wp-content\plugins\elementor\core\common\modules\ajax\module.php(171): call_user_func(Array, Array, Object(Elementor\Core\Common\Modules\Ajax\Module))
#16 C:\xampp\htdocs\Project2\wordpress\wp-includes\class-wp-hook.php(307): Elementor\Core\Common\Modules\Ajax\Module->handle_ajax_request('')
#17 C:\xampp\htdocs\Project2\wordpress\wp-includes\class-wp-hook.php(331): WP_Hook->apply_filters('', Array)
#18 C:\xampp\htdocs\Project2\wordpress\wp-includes\plugin.php(476): WP_Hook->do_action(Array)
#19 C:\xampp\htdocs\Project2\wordpress\wp-admin\admin-ajax.php(187): do_action('wp_ajax_element...')
#20 {main}
  thrown in C:\xampp\htdocs\Project2\wordpress\wp-includes\class-wp-block-parser.php on line 417

2022-08-13T03:02:27+00:00 CRITICAL Uncaught TypeError: preg_match(): Argument #2 ($subject) must be of type string, array given in C:\xampp\htdocs\Project2\wordpress\wp-includes\class-wp-block-parser.php:417
Stack trace:
#0 C:\xampp\htdocs\Project2\wordpress\wp-includes\class-wp-block-parser.php(417): preg_match('/<!--\\s+(?P<clo...', Array, NULL, 256, 0)
#1 C:\xampp\htdocs\Project2\wordpress\wp-includes\class-wp-block-parser.php(256): WP_Block_Parser->next_token()
#2 C:\xampp\htdocs\Project2\wordpress\wp-includes\class-wp-block-parser.php(236): WP_Block_Parser->proceed()
#3 C:\xampp\htdocs\Project2\wordpress\wp-includes\blocks.php(923): WP_Block_Parser->parse(Array)
#4 C:\xampp\htdocs\Project2\wordpress\wp-includes\blocks.php(649): parse_blocks(Array)
#5 C:\xampp\htdocs\Project2\wordpress\wp-includes\formatting.php(5088): filter_block_content(Array, 'post', Array)
#6 C:\xampp\htdocs\Project2\wordpress\wp-includes\class-wp-hook.php(307): wp_pre_kses_block_attributes(Array, 'post', Array)
#7 C:\xampp\htdocs\Project2\wordpress\wp-includes\plugin.php(191): WP_Hook->apply_filters(Array, Array)
#8 C:\xampp\htdocs\Project2\wordpress\wp-includes\kses.php(909): apply_filters('pre_kses', Array, 'post', Array)
#9 C:\xampp\htdocs\Project2\wordpress\wp-includes\kses.php(719): wp_kses_hook(Array, 'post', Array)
#10 C:\xampp\htdocs\Project2\wordpress\wp-includes\kses.php(2106): wp_kses(Array, 'post')
#11 C:\xampp\htdocs\Project2\wordpress\wp-content\plugins\elementor-pro\modules\dynamic-tags\tags\post-custom-field.php(80): wp_kses_post(Array)
#12 C:\xampp\htdocs\Project2\wordpress\wp-content\plugins\elementor\core\dynamic-tags\tag.php(35): ElementorPro\Modules\DynamicTags\Tags\Post_Custom_Field->render()
#13 C:\xampp\htdocs\Project2\wordpress\wp-content\plugins\elementor\core\dynamic-tags\manager.php(216): Elementor\Core\DynamicTags\Tag->get_content()
#14 [internal function]: Elementor\Core\DynamicTags\Manager->get_tag_data_content('86c1da9', 'post-custom-fie...', Array)
#15 C:\xampp\htdocs\Project2\wordpress\wp-content\plugins\elementor\core\dynamic-tags\manager.php(109): call_user_func_array(Array, Array)
#16 C:\xampp\htdocs\Project2\wordpress\wp-content\plugins\elementor\core\dynamic-tags\manager.php(74): Elementor\Core\DynamicTags\Manager->parse_tag_text('[elementor-tag ...', Array, Array)
#17 [internal function]: Elementor\Core\DynamicTags\Manager->Elementor\Core\DynamicTags\{closure}(Array)
#18 C:\xampp\htdocs\Project2\wordpress\wp-content\plugins\elementor\core\dynamic-tags\manager.php(73): preg_replace_callback('/\\[elementor-ta...', Object(Closure), '[elementor-tag ...')
#19 C:\xampp\htdocs\Project2\wordpress\wp-content\plugins\elementor\includes\controls\base-data.php(91): Elementor\Core\DynamicTags\Manager->parse_tags_text('[elementor-tag ...', Array, Array)
#20 C:\xampp\htdocs\Project2\wordpress\wp-content\plugins\elementor\includes\base\controls-stack.php(1272): Elementor\Base_Data_Control->parse_tags('[elementor-tag ...', Array)
#21 C:\xampp\htdocs\Project2\wordpress\wp-content\plugins\elementor\includes\base\controls-stack.php(1251): Elementor\Controls_Stack->parse_dynamic_settings(Array, Array, Array)
#22 C:\xampp\htdocs\Project2\wordpress\wp-content\plugins\elementor\includes\base\controls-stack.php(1123): Elementor\Controls_Stack->parse_dynamic_settings(Array)
#23 C:\xampp\htdocs\Project2\wordpress\wp-content\plugins\elementor\includes\base\controls-stack.php(1208): Elementor\Controls_Stack->get_parsed_dynamic_settings()
#24 C:\xampp\htdocs\Project2\wordpress\wp-content\plugins\elementor-pro\modules\forms\widgets\form.php(1998): Elementor\Controls_Stack->get_settings_for_display()
#25 C:\xampp\htdocs\Project2\wordpress\wp-content\plugins\elementor\includes\base\controls-stack.php(2221): ElementorPro\Modules\Forms\Widgets\Form->render()
#26 C:\xampp\htdocs\Project2\wordpress\wp-content\plugins\elementor\includes\base\widget-base.php(609): Elementor\Controls_Stack->render_by_mode()
#27 C:\xampp\htdocs\Project2\wordpress\wp-content\plugins\elementor\core\base\document.php(284): Elementor\Widget_Base->render_content()
#28 C:\xampp\htdocs\Project2\wordpress\wp-content\plugins\elementor\includes\managers\widgets.php(385): Elementor\Core\Base\Document->render_element(Array)
#29 [internal function]: Elementor\Widgets_Manager->ajax_render_widget(Array, Object(Elementor\Core\Common\Modules\Ajax\Module))
#30 C:\xampp\htdocs\Project2\wordpress\wp-content\plugins\elementor\core\common\modules\ajax\module.php(171): call_user_func(Array, Array, Object(Elementor\Core\Common\Modules\Ajax\Module))
#31 C:\xampp\htdocs\Project2\wordpress\wp-includes\class-wp-hook.php(307): Elementor\Core\Common\Modules\Ajax\Module->handle_ajax_request('')
#32 C:\xampp\htdocs\Project2\wordpress\wp-includes\class-wp-hook.php(331): WP_Hook->apply_filters('', Array)
#33 C:\xampp\htdocs\Project2\wordpress\wp-includes\plugin.php(476): WP_Hook->do_action(Array)
#34 C:\xampp\htdocs\Project2\wordpress\wp-admin\admin-ajax.php(187): do_action('wp_ajax_element...')
#35 {main}
  thrown in C:\xampp\htdocs\Project2\wordpress\wp-includes\class-wp-block-parser.php on line 417

2022-08-13T03:02:29+00:00 CRITICAL Uncaught TypeError: preg_match(): Argument #2 ($subject) must be of type string, array given in C:\xampp\htdocs\Project2\wordpress\wp-includes\class-wp-block-parser.php:417
Stack trace:
#0 C:\xampp\htdocs\Project2\wordpress\wp-includes\class-wp-block-parser.php(417): preg_match('/<!--\\s+(?P<clo...', Array, NULL, 256, 0)
#1 C:\xampp\htdocs\Project2\wordpress\wp-includes\class-wp-block-parser.php(256): WP_Block_Parser->next_token()
#2 C:\xampp\htdocs\Project2\wordpress\wp-includes\class-wp-block-parser.php(236): WP_Block_Parser->proceed()
#3 C:\xampp\htdocs\Project2\wordpress\wp-includes\blocks.php(923): WP_Block_Parser->parse(Array)
#4 C:\xampp\htdocs\Project2\wordpress\wp-includes\blocks.php(649): parse_blocks(Array)
#5 C:\xampp\htdocs\Project2\wordpress\wp-includes\formatting.php(5088): filter_block_content(Array, 'post', Array)
#6 C:\xampp\htdocs\Project2\wordpress\wp-includes\class-wp-hook.php(307): wp_pre_kses_block_attributes(Array, 'post', Array)
#7 C:\xampp\htdocs\Project2\wordpress\wp-includes\plugin.php(191): WP_Hook->apply_filters(Array, Array)
#8 C:\xampp\htdocs\Project2\wordpress\wp-includes\kses.php(909): apply_filters('pre_kses', Array, 'post', Array)
#9 C:\xampp\htdocs\Project2\wordpress\wp-includes\kses.php(719): wp_kses_hook(Array, 'post', Array)
#10 C:\xampp\htdocs\Project2\wordpress\wp-includes\kses.php(2106): wp_kses(Array, 'post')
#11 C:\xampp\htdocs\Project2\wordpress\wp-content\plugins\elementor-pro\modules\dynamic-tags\tags\post-custom-field.php(80): wp_kses_post(Array)
#12 C:\xampp\htdocs\Project2\wordpress\wp-content\plugins\elementor\core\dynamic-tags\tag.php(35): ElementorPro\Modules\DynamicTags\Tags\Post_Custom_Field->render()
#13 C:\xampp\htdocs\Project2\wordpress\wp-content\plugins\elementor\core\dynamic-tags\manager.php(216): Elementor\Core\DynamicTags\Tag->get_content()
#14 [internal function]: Elementor\Core\DynamicTags\Manager->get_tag_data_content('86c1da9', 'post-custom-fie...', Array)
#15 C:\xampp\htdocs\Project2\wordpress\wp-content\plugins\elementor\core\dynamic-tags\manager.php(109): call_user_func_array(Array, Array)
#16 C:\xampp\htdocs\Project2\wordpress\wp-content\plugins\elementor\core\dynamic-tags\manager.php(74): Elementor\Core\DynamicTags\Manager->parse_tag_text('[elementor-tag ...', Array, Array)
#17 [internal function]: Elementor\Core\DynamicTags\Manager->Elementor\Core\DynamicTags\{closure}(Array)
#18 C:\xampp\htdocs\Project2\wordpress\wp-content\plugins\elementor\core\dynamic-tags\manager.php(73): preg_replace_callback('/\\[elementor-ta...', Object(Closure), '[elementor-tag ...')
#19 C:\xampp\htdocs\Project2\wordpress\wp-content\plugins\elementor\includes\controls\base-data.php(91): Elementor\Core\DynamicTags\Manager->parse_tags_text('[elementor-tag ...', Array, Array)
#20 C:\xampp\htdocs\Project2\wordpress\wp-content\plugins\elementor\includes\base\controls-stack.php(1272): Elementor\Base_Data_Control->parse_tags('[elementor-tag ...', Array)
#21 C:\xampp\htdocs\Project2\wordpress\wp-content\plugins\elementor\includes\base\controls-stack.php(1251): Elementor\Controls_Stack->parse_dynamic_settings(Array, Array, Array)
#22 C:\xampp\htdocs\Project2\wordpress\wp-content\plugins\elementor\includes\base\controls-stack.php(1123): Elementor\Controls_Stack->parse_dynamic_settings(Array)
#23 C:\xampp\htdocs\Project2\wordpress\wp-content\plugins\elementor\includes\base\controls-stack.php(1208): Elementor\Controls_Stack->get_parsed_dynamic_settings()
#24 C:\xampp\htdocs\Project2\wordpress\wp-content\plugins\elementor-pro\modules\forms\widgets\form.php(1998): Elementor\Controls_Stack->get_settings_for_display()
#25 C:\xampp\htdocs\Project2\wordpress\wp-content\plugins\elementor\includes\base\controls-stack.php(2221): ElementorPro\Modules\Forms\Widgets\Form->render()
#26 C:\xampp\htdocs\Project2\wordpress\wp-content\plugins\elementor\includes\base\widget-base.php(609): Elementor\Controls_Stack->render_by_mode()
#27 C:\xampp\htdocs\Project2\wordpress\wp-content\plugins\elementor\core\base\document.php(284): Elementor\Widget_Base->render_content()
#28 C:\xampp\htdocs\Project2\wordpress\wp-content\plugins\elementor\includes\managers\widgets.php(385): Elementor\Core\Base\Document->render_element(Array)
#29 [internal function]: Elementor\Widgets_Manager->ajax_render_widget(Array, Object(Elementor\Core\Common\Modules\Ajax\Module))
#30 C:\xampp\htdocs\Project2\wordpress\wp-content\plugins\elementor\core\common\modules\ajax\module.php(171): call_user_func(Array, Array, Object(Elementor\Core\Common\Modules\Ajax\Module))
#31 C:\xampp\htdocs\Project2\wordpress\wp-includes\class-wp-hook.php(307): Elementor\Core\Common\Modules\Ajax\Module->handle_ajax_request('')
#32 C:\xampp\htdocs\Project2\wordpress\wp-includes\class-wp-hook.php(331): WP_Hook->apply_filters('', Array)
#33 C:\xampp\htdocs\Project2\wordpress\wp-includes\plugin.php(476): WP_Hook->do_action(Array)
#34 C:\xampp\htdocs\Project2\wordpress\wp-admin\admin-ajax.php(187): do_action('wp_ajax_element...')
#35 {main}
  thrown in C:\xampp\htdocs\Project2\wordpress\wp-includes\class-wp-block-parser.php on line 417

